
Starting run 1/10
Epoch 1: New best model saved with loss 2.1085675339544974
Epoch 2: New best model saved with loss 1.9634198091363395
Epoch 3: New best model saved with loss 1.83595024770306
Epoch 4: New best model saved with loss 0.8511693432766904
Epoch 5: New best model saved with loss 0.6853751956775624
Epoch 6: New best model saved with loss 0.6405002170352525
Epoch 7: New best model saved with loss 0.6348214783976155
Epoch 8: New best model saved with loss 0.6217654975511695
Epoch 9: New best model saved with loss 0.28841744972172606
Epoch 10: New best model saved with loss 0.25266271236763205
Epoch 11: New best model saved with loss 0.23041863995854572
Epoch 12: New best model saved with loss 0.21832787445796434
Epoch 13: New best model saved with loss 0.21224211733187398
Epoch 14: New best model saved with loss 0.20421343825517163
Epoch 15: New best model saved with loss 0.1999616087764822
Epoch 16: No improvement in validation loss. Patience: 1/10
Epoch 17: No improvement in validation loss. Patience: 2/10
Epoch 18: New best model saved with loss 0.1900807023048401
Epoch 19: New best model saved with loss 0.18337014726092737
Epoch 20: No improvement in validation loss. Patience: 1/10
Epoch 21: New best model saved with loss 0.1828441739242564
Epoch 22: New best model saved with loss 0.180885508576388
Epoch 23: New best model saved with loss 0.17120909378413232
Epoch 24: No improvement in validation loss. Patience: 1/10
Epoch 25: No improvement in validation loss. Patience: 2/10
Epoch 26: No improvement in validation loss. Patience: 3/10
Epoch 27: No improvement in validation loss. Patience: 4/10
Epoch 28: New best model saved with loss 0.16401122334182902
Epoch 29: No improvement in validation loss. Patience: 1/10
Epoch 30: No improvement in validation loss. Patience: 2/10
Epoch 31: No improvement in validation loss. Patience: 3/10
Epoch 32: No improvement in validation loss. Patience: 4/10
Epoch 33: No improvement in validation loss. Patience: 5/10
Epoch 34: No improvement in validation loss. Patience: 6/10
Epoch 35: No improvement in validation loss. Patience: 7/10
Epoch 36: No improvement in validation loss. Patience: 8/10
Epoch 37: No improvement in validation loss. Patience: 9/10
Epoch 38: No improvement in validation loss. Patience: 10/10
Early stopping triggered.
Run 1: Test Accuracy: 0.9827586206896551, Test Precision: 0.9842119835125678, Test Recall: 0.9827586206896551, Test F1: 0.9802482590949287

Starting run 2/10
Epoch 1: New best model saved with loss 2.171623332526094
Epoch 2: New best model saved with loss 1.9651590790799869
Epoch 3: New best model saved with loss 1.8901089545219176
Epoch 4: New best model saved with loss 1.8411896010880828
Epoch 5: New best model saved with loss 1.7864744586329306
Epoch 6: New best model saved with loss 0.8023504775057557
Epoch 7: New best model saved with loss 0.6751780445857715
Epoch 8: New best model saved with loss 0.626203622869266
Epoch 9: New best model saved with loss 0.5927603738282317
Epoch 10: New best model saved with loss 0.543989344309735
Epoch 11: New best model saved with loss 0.5273114990803504
Epoch 12: New best model saved with loss 0.5243579873474695
Epoch 13: New best model saved with loss 0.4973523533472451
Epoch 14: No improvement in validation loss. Patience: 1/10
Epoch 15: New best model saved with loss 0.4941374768492996
Epoch 16: New best model saved with loss 0.4778156578540802
Epoch 17: No improvement in validation loss. Patience: 1/10
Epoch 18: No improvement in validation loss. Patience: 2/10
Epoch 19: New best model saved with loss 0.47078973535568486
Epoch 20: New best model saved with loss 0.4688416664959282
Epoch 21: No improvement in validation loss. Patience: 1/10
Epoch 22: New best model saved with loss 0.4510916987414001
Epoch 23: No improvement in validation loss. Patience: 1/10
Epoch 24: No improvement in validation loss. Patience: 2/10
Epoch 25: New best model saved with loss 0.4431020524553073
Epoch 26: New best model saved with loss 0.4414951330231082
Epoch 27: No improvement in validation loss. Patience: 1/10
Epoch 28: No improvement in validation loss. Patience: 2/10
Epoch 29: No improvement in validation loss. Patience: 3/10
Epoch 30: No improvement in validation loss. Patience: 4/10
Epoch 31: No improvement in validation loss. Patience: 5/10
Epoch 32: No improvement in validation loss. Patience: 6/10
Epoch 33: New best model saved with loss 0.4255201576217528
Epoch 34: No improvement in validation loss. Patience: 1/10
Epoch 35: No improvement in validation loss. Patience: 2/10
Epoch 36: No improvement in validation loss. Patience: 3/10
Epoch 37: No improvement in validation loss. Patience: 4/10
Epoch 38: No improvement in validation loss. Patience: 5/10
Epoch 39: No improvement in validation loss. Patience: 6/10
Epoch 40: New best model saved with loss 0.40939515476585714
Epoch 41: No improvement in validation loss. Patience: 1/10
Epoch 42: No improvement in validation loss. Patience: 2/10
Epoch 43: No improvement in validation loss. Patience: 3/10
Epoch 44: No improvement in validation loss. Patience: 4/10
Epoch 45: No improvement in validation loss. Patience: 5/10
Epoch 46: No improvement in validation loss. Patience: 6/10
Epoch 47: No improvement in validation loss. Patience: 7/10
Epoch 48: No improvement in validation loss. Patience: 8/10
Epoch 49: No improvement in validation loss. Patience: 9/10
Epoch 50: No improvement in validation loss. Patience: 10/10
Early stopping triggered.
Run 2: Test Accuracy: 0.9080459770114943, Test Precision: 0.9057776068432687, Test Recall: 0.9080459770114943, Test F1: 0.8978100323483653

Starting run 3/10
Epoch 1: New best model saved with loss 2.4217183564298894
Epoch 2: New best model saved with loss 1.9928725727142826
Epoch 3: New best model saved with loss 1.8946852402020526
Epoch 4: New best model saved with loss 1.816247360680693
Epoch 5: New best model saved with loss 0.8287123749333043
Epoch 6: New best model saved with loss 0.6661790093427064
Epoch 7: New best model saved with loss 0.6294801677426984
Epoch 8: New best model saved with loss 0.5769811038688947
Epoch 9: New best model saved with loss 0.5420544714696945
Epoch 10: No improvement in validation loss. Patience: 1/10
Epoch 11: New best model saved with loss 0.49781857062411566
Epoch 12: No improvement in validation loss. Patience: 1/10
Epoch 13: New best model saved with loss 0.40493763903135893
Epoch 14: New best model saved with loss 0.2742278957238761
Epoch 15: New best model saved with loss 0.23196027516036904
Epoch 16: New best model saved with loss 0.21098195160588912
Epoch 17: New best model saved with loss 0.19513572440032037
Epoch 18: New best model saved with loss 0.19125082648249084
Epoch 19: New best model saved with loss 0.18860204133295244
Epoch 20: No improvement in validation loss. Patience: 1/10
Epoch 21: New best model saved with loss 0.17752209618206946
Epoch 22: No improvement in validation loss. Patience: 1/10
Epoch 23: No improvement in validation loss. Patience: 2/10
Epoch 24: No improvement in validation loss. Patience: 3/10
Epoch 25: New best model saved with loss 0.17677187446945458
Epoch 26: No improvement in validation loss. Patience: 1/10
Epoch 27: No improvement in validation loss. Patience: 2/10
Epoch 28: New best model saved with loss 0.17033975739632884
Epoch 29: No improvement in validation loss. Patience: 1/10
Epoch 30: No improvement in validation loss. Patience: 2/10
Epoch 31: New best model saved with loss 0.16488442329629774
Epoch 32: New best model saved with loss 0.16438642833181608
Epoch 33: New best model saved with loss 0.16365496077204264
Epoch 34: No improvement in validation loss. Patience: 1/10
Epoch 35: No improvement in validation loss. Patience: 2/10
Epoch 36: No improvement in validation loss. Patience: 3/10
Epoch 37: No improvement in validation loss. Patience: 4/10
Epoch 38: New best model saved with loss 0.16037379862159812
Epoch 39: New best model saved with loss 0.15973841230715474
Epoch 40: No improvement in validation loss. Patience: 1/10
Epoch 41: New best model saved with loss 0.157445879552954
Epoch 42: No improvement in validation loss. Patience: 1/10
Epoch 43: No improvement in validation loss. Patience: 2/10
Epoch 44: No improvement in validation loss. Patience: 3/10
Epoch 45: No improvement in validation loss. Patience: 4/10
Epoch 46: No improvement in validation loss. Patience: 5/10
Epoch 47: No improvement in validation loss. Patience: 6/10
Epoch 48: No improvement in validation loss. Patience: 7/10
Epoch 49: No improvement in validation loss. Patience: 8/10
Epoch 50: No improvement in validation loss. Patience: 9/10
Epoch 51: New best model saved with loss 0.15158084515602357
Epoch 52: No improvement in validation loss. Patience: 1/10
Epoch 53: No improvement in validation loss. Patience: 2/10
Epoch 54: No improvement in validation loss. Patience: 3/10
Epoch 55: No improvement in validation loss. Patience: 4/10
Epoch 56: No improvement in validation loss. Patience: 5/10
Epoch 57: No improvement in validation loss. Patience: 6/10
Epoch 58: No improvement in validation loss. Patience: 7/10
Epoch 59: No improvement in validation loss. Patience: 8/10
Epoch 60: New best model saved with loss 0.1498808065249074
Epoch 61: No improvement in validation loss. Patience: 1/10
Epoch 62: No improvement in validation loss. Patience: 2/10
Epoch 63: No improvement in validation loss. Patience: 3/10
Epoch 64: No improvement in validation loss. Patience: 4/10
Epoch 65: No improvement in validation loss. Patience: 5/10
Epoch 66: No improvement in validation loss. Patience: 6/10
Epoch 67: No improvement in validation loss. Patience: 7/10
Epoch 68: No improvement in validation loss. Patience: 8/10
Epoch 69: No improvement in validation loss. Patience: 9/10
Epoch 70: No improvement in validation loss. Patience: 10/10
Early stopping triggered.
Run 3: Test Accuracy: 0.991210277214334, Test Precision: 0.9913413948204013, Test Recall: 0.991210277214334, Test F1: 0.9911559113706295

Starting run 4/10
Epoch 1: New best model saved with loss 2.60562631904438
Epoch 2: New best model saved with loss 1.9684520152307325
Epoch 3: New best model saved with loss 1.878753799264149
Epoch 4: New best model saved with loss 0.8142241668957536
Epoch 5: New best model saved with loss 0.6667340179925324
Epoch 6: New best model saved with loss 0.6320572649278948
Epoch 7: New best model saved with loss 0.6147183641310661
Epoch 8: New best model saved with loss 0.5770997449915897
Epoch 9: No improvement in validation loss. Patience: 1/10
Epoch 10: New best model saved with loss 0.5537073330212665
Epoch 11: New best model saved with loss 0.4936186036755962
Epoch 12: New best model saved with loss 0.291164362462618
Epoch 13: New best model saved with loss 0.243095901223921
Epoch 14: No improvement in validation loss. Patience: 1/10
Epoch 15: New best model saved with loss 0.21066117158500097
Epoch 16: New best model saved with loss 0.1991753323424247
Epoch 17: New best model saved with loss 0.19585081125779819
Epoch 18: New best model saved with loss 0.18665578640917296
Epoch 19: No improvement in validation loss. Patience: 1/10
Epoch 20: No improvement in validation loss. Patience: 2/10
Epoch 21: No improvement in validation loss. Patience: 3/10
Epoch 22: New best model saved with loss 0.18356377158754617
Epoch 23: No improvement in validation loss. Patience: 1/10
Epoch 24: New best model saved with loss 0.17440392669811045
Epoch 25: No improvement in validation loss. Patience: 1/10
Epoch 26: New best model saved with loss 0.16792270052497105
Epoch 27: No improvement in validation loss. Patience: 1/10
Epoch 28: No improvement in validation loss. Patience: 2/10
Epoch 29: No improvement in validation loss. Patience: 3/10
Epoch 30: No improvement in validation loss. Patience: 4/10
Epoch 31: No improvement in validation loss. Patience: 5/10
Epoch 32: No improvement in validation loss. Patience: 6/10
Epoch 33: No improvement in validation loss. Patience: 7/10
Epoch 34: No improvement in validation loss. Patience: 8/10
Epoch 35: No improvement in validation loss. Patience: 9/10
Epoch 36: New best model saved with loss 0.1632352031527027
Epoch 37: No improvement in validation loss. Patience: 1/10
Epoch 38: No improvement in validation loss. Patience: 2/10
Epoch 39: No improvement in validation loss. Patience: 3/10
Epoch 40: New best model saved with loss 0.1617872036432707
Epoch 41: No improvement in validation loss. Patience: 1/10
Epoch 42: No improvement in validation loss. Patience: 2/10
Epoch 43: No improvement in validation loss. Patience: 3/10
Epoch 44: New best model saved with loss 0.160670493479057
Epoch 45: No improvement in validation loss. Patience: 1/10
Epoch 46: No improvement in validation loss. Patience: 2/10
Epoch 47: No improvement in validation loss. Patience: 3/10
Epoch 48: No improvement in validation loss. Patience: 4/10
Epoch 49: No improvement in validation loss. Patience: 5/10
Epoch 50: No improvement in validation loss. Patience: 6/10
Epoch 51: No improvement in validation loss. Patience: 7/10
Epoch 52: No improvement in validation loss. Patience: 8/10
Epoch 53: No improvement in validation loss. Patience: 9/10
Epoch 54: No improvement in validation loss. Patience: 10/10
Early stopping triggered.
Run 4: Test Accuracy: 0.991210277214334, Test Precision: 0.9914151852744376, Test Recall: 0.991210277214334, Test F1: 0.9911852923551003

Starting run 5/10
Epoch 1: New best model saved with loss 2.22915502132908
Epoch 2: New best model saved with loss 2.000374629933347
Epoch 3: New best model saved with loss 1.8809655584314817
Epoch 4: New best model saved with loss 1.8191530140497352
Epoch 5: New best model saved with loss 0.9349636627781776
Epoch 6: New best model saved with loss 0.7313543692711861
Epoch 7: New best model saved with loss 0.6632517297421733
Epoch 8: New best model saved with loss 0.5872756380547759
Epoch 9: No improvement in validation loss. Patience: 1/10
Epoch 10: New best model saved with loss 0.5564336264005272
Epoch 11: New best model saved with loss 0.287728982747242
Epoch 12: New best model saved with loss 0.21552057516190312
Epoch 13: No improvement in validation loss. Patience: 1/10
Epoch 14: New best model saved with loss 0.2035908083761892
Epoch 15: New best model saved with loss 0.19445470408085855
Epoch 16: No improvement in validation loss. Patience: 1/10
Epoch 17: No improvement in validation loss. Patience: 2/10
Epoch 18: No improvement in validation loss. Patience: 3/10
Epoch 19: New best model saved with loss 0.18827483234226064
Epoch 20: New best model saved with loss 0.18328390743142814
Epoch 21: New best model saved with loss 0.18252791792795223
Epoch 22: No improvement in validation loss. Patience: 1/10
Epoch 23: New best model saved with loss 0.1765649960406365
Epoch 24: No improvement in validation loss. Patience: 1/10
Epoch 25: New best model saved with loss 0.16607864425387434
Epoch 26: No improvement in validation loss. Patience: 1/10
Epoch 27: No improvement in validation loss. Patience: 2/10
Epoch 28: No improvement in validation loss. Patience: 3/10
Epoch 29: No improvement in validation loss. Patience: 4/10
Epoch 30: No improvement in validation loss. Patience: 5/10
Epoch 31: No improvement in validation loss. Patience: 6/10
Epoch 32: No improvement in validation loss. Patience: 7/10
Epoch 33: No improvement in validation loss. Patience: 8/10
Epoch 34: No improvement in validation loss. Patience: 9/10
Epoch 35: No improvement in validation loss. Patience: 10/10
Early stopping triggered.
Run 5: Test Accuracy: 0.991210277214334, Test Precision: 0.9913604831949129, Test Recall: 0.991210277214334, Test F1: 0.9911683531284678

Starting run 6/10
Epoch 1: New best model saved with loss 2.513760338547409
Epoch 2: New best model saved with loss 2.0141043637388494
Epoch 3: New best model saved with loss 1.9276385243220995
Epoch 4: New best model saved with loss 1.8132046409832534
Epoch 5: New best model saved with loss 0.9411216737121664
Epoch 6: New best model saved with loss 0.7671790078122128
Epoch 7: New best model saved with loss 0.7076383185002112
Epoch 8: New best model saved with loss 0.643281779942974
Epoch 9: New best model saved with loss 0.6091795288106446
Epoch 10: New best model saved with loss 0.5962380689959372
Epoch 11: New best model saved with loss 0.5753834673794367
Epoch 12: New best model saved with loss 0.5695932427401184
Epoch 13: New best model saved with loss 0.5430619447462021
Epoch 14: New best model saved with loss 0.5339935899421733
Epoch 15: No improvement in validation loss. Patience: 1/10
Epoch 16: No improvement in validation loss. Patience: 2/10
Epoch 17: No improvement in validation loss. Patience: 3/10
Epoch 18: New best model saved with loss 0.5335456767389851
Epoch 19: No improvement in validation loss. Patience: 1/10
Epoch 20: New best model saved with loss 0.5331086122220562
Epoch 21: New best model saved with loss 0.5302206659188835
Epoch 22: New best model saved with loss 0.5007850405990436
Epoch 23: No improvement in validation loss. Patience: 1/10
Epoch 24: New best model saved with loss 0.4972049914380556
Epoch 25: No improvement in validation loss. Patience: 1/10
Epoch 26: No improvement in validation loss. Patience: 2/10
Epoch 27: No improvement in validation loss. Patience: 3/10
Epoch 28: No improvement in validation loss. Patience: 4/10
Epoch 29: No improvement in validation loss. Patience: 5/10
Epoch 30: New best model saved with loss 0.49653866534592
Epoch 31: No improvement in validation loss. Patience: 1/10
Epoch 32: No improvement in validation loss. Patience: 2/10
Epoch 33: New best model saved with loss 0.4912685066141108
Epoch 34: No improvement in validation loss. Patience: 1/10
Epoch 35: No improvement in validation loss. Patience: 2/10
Epoch 36: New best model saved with loss 0.48629580197795746
Epoch 37: No improvement in validation loss. Patience: 1/10
Epoch 38: No improvement in validation loss. Patience: 2/10
Epoch 39: No improvement in validation loss. Patience: 3/10
Epoch 40: No improvement in validation loss. Patience: 4/10
Epoch 41: New best model saved with loss 0.4852293803486773
Epoch 42: New best model saved with loss 0.4701292255232411
Epoch 43: No improvement in validation loss. Patience: 1/10
Epoch 44: No improvement in validation loss. Patience: 2/10
Epoch 45: No improvement in validation loss. Patience: 3/10
Epoch 46: No improvement in validation loss. Patience: 4/10
Epoch 47: New best model saved with loss 0.4596239334793501
Epoch 48: New best model saved with loss 0.45855433069249635
Epoch 49: No improvement in validation loss. Patience: 1/10
Epoch 50: No improvement in validation loss. Patience: 2/10
Epoch 51: No improvement in validation loss. Patience: 3/10
Epoch 52: No improvement in validation loss. Patience: 4/10
Epoch 53: No improvement in validation loss. Patience: 5/10
Epoch 54: No improvement in validation loss. Patience: 6/10
Epoch 55: No improvement in validation loss. Patience: 7/10
Epoch 56: No improvement in validation loss. Patience: 8/10
Epoch 57: No improvement in validation loss. Patience: 9/10
Epoch 58: No improvement in validation loss. Patience: 10/10
Early stopping triggered.
Run 6: Test Accuracy: 0.920554428668019, Test Precision: 0.9079784088187369, Test Recall: 0.920554428668019, Test F1: 0.9085142355578449

Starting run 7/10
Epoch 1: New best model saved with loss 2.339339966415077
Epoch 2: New best model saved with loss 1.9476304246533302
Epoch 3: New best model saved with loss 1.867300283524298
Epoch 4: New best model saved with loss 1.851281410904341
Epoch 5: New best model saved with loss 1.7696300181009437
Epoch 6: New best model saved with loss 0.8941952522082995
Epoch 7: New best model saved with loss 0.6826721417006626
Epoch 8: New best model saved with loss 0.6125286583618451
Epoch 9: No improvement in validation loss. Patience: 1/10
Epoch 10: New best model saved with loss 0.5715118787621939
Epoch 11: No improvement in validation loss. Patience: 1/10
Epoch 12: New best model saved with loss 0.5344257707236916
Epoch 13: New best model saved with loss 0.5216101158049798
Epoch 14: No improvement in validation loss. Patience: 1/10
Epoch 15: New best model saved with loss 0.5097379732516504
Epoch 16: New best model saved with loss 0.5044368255522943
Epoch 17: New best model saved with loss 0.49998178341055427
Epoch 18: No improvement in validation loss. Patience: 1/10
Epoch 19: New best model saved with loss 0.48648125157561356
Epoch 20: New best model saved with loss 0.46397403106894547
Epoch 21: New best model saved with loss 0.3361613103138503
Epoch 22: New best model saved with loss 0.25037344985751697
Epoch 23: No improvement in validation loss. Patience: 1/10
Epoch 24: New best model saved with loss 0.20371649742767375
Epoch 25: New best model saved with loss 0.20118608157480916
Epoch 26: No improvement in validation loss. Patience: 1/10
Epoch 27: New best model saved with loss 0.18659015608731136
Epoch 28: New best model saved with loss 0.18456228029343388
Epoch 29: New best model saved with loss 0.17986808188499942
Epoch 30: No improvement in validation loss. Patience: 1/10
Epoch 31: New best model saved with loss 0.17721204267394158
Epoch 32: No improvement in validation loss. Patience: 1/10
Epoch 33: No improvement in validation loss. Patience: 2/10
Epoch 34: New best model saved with loss 0.17514856343948712
Epoch 35: New best model saved with loss 0.17401975008749193
Epoch 36: No improvement in validation loss. Patience: 1/10
Epoch 37: New best model saved with loss 0.17053414648899468
Epoch 38: No improvement in validation loss. Patience: 1/10
Epoch 39: New best model saved with loss 0.16376558851490738
Epoch 40: No improvement in validation loss. Patience: 1/10
Epoch 41: New best model saved with loss 0.1582742172383493
Epoch 42: No improvement in validation loss. Patience: 1/10
Epoch 43: No improvement in validation loss. Patience: 2/10
Epoch 44: No improvement in validation loss. Patience: 3/10
Epoch 45: No improvement in validation loss. Patience: 4/10
Epoch 46: No improvement in validation loss. Patience: 5/10
Epoch 47: No improvement in validation loss. Patience: 6/10
Epoch 48: No improvement in validation loss. Patience: 7/10
Epoch 49: No improvement in validation loss. Patience: 8/10
Epoch 50: No improvement in validation loss. Patience: 9/10
Epoch 51: No improvement in validation loss. Patience: 10/10
Early stopping triggered.
Run 7: Test Accuracy: 0.9878296146044625, Test Precision: 0.9883643324628117, Test Recall: 0.9878296146044625, Test F1: 0.9868623007657114

Starting run 8/10
Epoch 1: New best model saved with loss 2.6103321967586393
Epoch 2: New best model saved with loss 1.9483895019818378
Epoch 3: New best model saved with loss 1.8526702119458107
Epoch 4: New best model saved with loss 1.792421394778836
Epoch 5: New best model saved with loss 0.8327316238034156
Epoch 6: New best model saved with loss 0.6641343998652632
Epoch 7: New best model saved with loss 0.614370039393825
Epoch 8: New best model saved with loss 0.5797185801690624
Epoch 9: New best model saved with loss 0.5604775916504604
Epoch 10: New best model saved with loss 0.4759080833004367
Epoch 11: New best model saved with loss 0.2864058581731653
Epoch 12: New best model saved with loss 0.2460187965182848
Epoch 13: New best model saved with loss 0.23270691738974664
Epoch 14: New best model saved with loss 0.23001372605882664
Epoch 15: New best model saved with loss 0.21970236918298147
Epoch 16: New best model saved with loss 0.20958795935235996
Epoch 17: New best model saved with loss 0.2036140057989346
Epoch 18: New best model saved with loss 0.20192411782280092
Epoch 19: No improvement in validation loss. Patience: 1/10
Epoch 20: New best model saved with loss 0.20117768228694957
Epoch 21: New best model saved with loss 0.20002025077419897
Epoch 22: No improvement in validation loss. Patience: 1/10
Epoch 23: No improvement in validation loss. Patience: 2/10
Epoch 24: New best model saved with loss 0.19330621166254885
Epoch 25: New best model saved with loss 0.1903767995936896
Epoch 26: New best model saved with loss 0.18529473934122312
Epoch 27: No improvement in validation loss. Patience: 1/10
Epoch 28: No improvement in validation loss. Patience: 2/10
Epoch 29: No improvement in validation loss. Patience: 3/10
Epoch 30: No improvement in validation loss. Patience: 4/10
Epoch 31: No improvement in validation loss. Patience: 5/10
Epoch 32: No improvement in validation loss. Patience: 6/10
Epoch 33: No improvement in validation loss. Patience: 7/10
Epoch 34: New best model saved with loss 0.17697491560892392
Epoch 35: No improvement in validation loss. Patience: 1/10
Epoch 36: New best model saved with loss 0.17081973124896327
Epoch 37: No improvement in validation loss. Patience: 1/10
Epoch 38: No improvement in validation loss. Patience: 2/10
Epoch 39: No improvement in validation loss. Patience: 3/10
Epoch 40: No improvement in validation loss. Patience: 4/10
Epoch 41: No improvement in validation loss. Patience: 5/10
Epoch 42: No improvement in validation loss. Patience: 6/10
Epoch 43: No improvement in validation loss. Patience: 7/10
Epoch 44: No improvement in validation loss. Patience: 8/10
Epoch 45: No improvement in validation loss. Patience: 9/10
Epoch 46: No improvement in validation loss. Patience: 10/10
Early stopping triggered.
Run 8: Test Accuracy: 0.9773495605138607, Test Precision: 0.978580759406343, Test Recall: 0.9773495605138607, Test F1: 0.9746584959428914

Starting run 9/10
Epoch 1: New best model saved with loss 2.383287816919306
Epoch 2: New best model saved with loss 2.051315547317587
Epoch 3: New best model saved with loss 1.9983682824719338
Epoch 4: New best model saved with loss 1.9619881465870848
Epoch 5: New best model saved with loss 1.9012671093786917
Epoch 6: New best model saved with loss 1.8791135523908882
Epoch 7: New best model saved with loss 1.8468163872277865
Epoch 8: New best model saved with loss 1.846144736454051
Epoch 9: New best model saved with loss 1.8071691400261336
Epoch 10: No improvement in validation loss. Patience: 1/10
Epoch 11: New best model saved with loss 0.8579612880624751
Epoch 12: New best model saved with loss 0.7400664994793553
Epoch 13: New best model saved with loss 0.6087481658304891
Epoch 14: New best model saved with loss 0.5418495494191364
Epoch 15: New best model saved with loss 0.3493767528123753
Epoch 16: New best model saved with loss 0.2823522424185148
Epoch 17: New best model saved with loss 0.2672938715706589
Epoch 18: New best model saved with loss 0.23336768695103224
Epoch 19: New best model saved with loss 0.22330769063324057
Epoch 20: No improvement in validation loss. Patience: 1/10
Epoch 21: No improvement in validation loss. Patience: 2/10
Epoch 22: New best model saved with loss 0.2132285705176733
Epoch 23: New best model saved with loss 0.20945950349171957
Epoch 24: No improvement in validation loss. Patience: 1/10
Epoch 25: New best model saved with loss 0.19298252783795838
Epoch 26: No improvement in validation loss. Patience: 1/10
Epoch 27: No improvement in validation loss. Patience: 2/10
Epoch 28: No improvement in validation loss. Patience: 3/10
Epoch 29: No improvement in validation loss. Patience: 4/10
Epoch 30: No improvement in validation loss. Patience: 5/10
Epoch 31: No improvement in validation loss. Patience: 6/10
Epoch 32: No improvement in validation loss. Patience: 7/10
Epoch 33: No improvement in validation loss. Patience: 8/10
Epoch 34: No improvement in validation loss. Patience: 9/10
Epoch 35: New best model saved with loss 0.18422727278804266
Epoch 36: New best model saved with loss 0.18347691392065377
Epoch 37: No improvement in validation loss. Patience: 1/10
Epoch 38: No improvement in validation loss. Patience: 2/10
Epoch 39: No improvement in validation loss. Patience: 3/10
Epoch 40: No improvement in validation loss. Patience: 4/10
Epoch 41: No improvement in validation loss. Patience: 5/10
Epoch 42: No improvement in validation loss. Patience: 6/10
Epoch 43: New best model saved with loss 0.17607685322723082
Epoch 44: No improvement in validation loss. Patience: 1/10
Epoch 45: No improvement in validation loss. Patience: 2/10
Epoch 46: No improvement in validation loss. Patience: 3/10
Epoch 47: New best model saved with loss 0.1741714534419839
Epoch 48: New best model saved with loss 0.1734282376785432
Epoch 49: New best model saved with loss 0.16948760949796246
Epoch 50: No improvement in validation loss. Patience: 1/10
Epoch 51: No improvement in validation loss. Patience: 2/10
Epoch 52: New best model saved with loss 0.16893367533401776
Epoch 53: New best model saved with loss 0.1644100844058939
Epoch 54: No improvement in validation loss. Patience: 1/10
Epoch 55: New best model saved with loss 0.16225155971703992
Epoch 56: No improvement in validation loss. Patience: 1/10
Epoch 57: No improvement in validation loss. Patience: 2/10
Epoch 58: No improvement in validation loss. Patience: 3/10
Epoch 59: No improvement in validation loss. Patience: 4/10
Epoch 60: No improvement in validation loss. Patience: 5/10
Epoch 61: No improvement in validation loss. Patience: 6/10
Epoch 62: No improvement in validation loss. Patience: 7/10
Epoch 63: No improvement in validation loss. Patience: 8/10
Epoch 64: No improvement in validation loss. Patience: 9/10
Epoch 65: No improvement in validation loss. Patience: 10/10
Early stopping triggered.
Run 9: Test Accuracy: 0.9851250845165652, Test Precision: 0.9855343527484913, Test Recall: 0.9851250845165652, Test F1: 0.9841864475709456

Starting run 10/10
Epoch 1: New best model saved with loss 2.128619783668108
Epoch 2: New best model saved with loss 1.947857053049149
Epoch 3: New best model saved with loss 1.896530221867305
Epoch 4: New best model saved with loss 1.8458921447876961
Epoch 5: New best model saved with loss 0.8138464138072025
Epoch 6: New best model saved with loss 0.7094121161968477
Epoch 7: New best model saved with loss 0.6183331060794092
Epoch 8: No improvement in validation loss. Patience: 1/10
Epoch 9: New best model saved with loss 0.5412622959383072
Epoch 10: No improvement in validation loss. Patience: 1/10
Epoch 11: New best model saved with loss 0.5124297734870705
Epoch 12: No improvement in validation loss. Patience: 1/10
Epoch 13: New best model saved with loss 0.5108205890783699
Epoch 14: No improvement in validation loss. Patience: 1/10
Epoch 15: New best model saved with loss 0.49074021334289225
Epoch 16: New best model saved with loss 0.4796068626706318
Epoch 17: New best model saved with loss 0.4663093942467884
Epoch 18: No improvement in validation loss. Patience: 1/10
Epoch 19: No improvement in validation loss. Patience: 2/10
Epoch 20: New best model saved with loss 0.4549230987666756
Epoch 21: No improvement in validation loss. Patience: 1/10
Epoch 22: New best model saved with loss 0.44777209624167413
Epoch 23: No improvement in validation loss. Patience: 1/10
Epoch 24: New best model saved with loss 0.4385419298884689
Epoch 25: No improvement in validation loss. Patience: 1/10
Epoch 26: No improvement in validation loss. Patience: 2/10
Epoch 27: No improvement in validation loss. Patience: 3/10
Epoch 28: No improvement in validation loss. Patience: 4/10
Epoch 29: No improvement in validation loss. Patience: 5/10
Epoch 30: New best model saved with loss 0.4300564508284292
Epoch 31: No improvement in validation loss. Patience: 1/10
Epoch 32: No improvement in validation loss. Patience: 2/10
Epoch 33: No improvement in validation loss. Patience: 3/10
Epoch 34: No improvement in validation loss. Patience: 4/10
Epoch 35: No improvement in validation loss. Patience: 5/10
Epoch 36: No improvement in validation loss. Patience: 6/10
Epoch 37: New best model saved with loss 0.42179461480468833
Epoch 38: No improvement in validation loss. Patience: 1/10
Epoch 39: New best model saved with loss 0.40657058838875065
Epoch 40: No improvement in validation loss. Patience: 1/10
Epoch 41: No improvement in validation loss. Patience: 2/10
Epoch 42: No improvement in validation loss. Patience: 3/10
Epoch 43: No improvement in validation loss. Patience: 4/10
Epoch 44: No improvement in validation loss. Patience: 5/10
Epoch 45: No improvement in validation loss. Patience: 6/10
Epoch 46: New best model saved with loss 0.40175638307807265
Epoch 47: No improvement in validation loss. Patience: 1/10
Epoch 48: No improvement in validation loss. Patience: 2/10
Epoch 49: No improvement in validation loss. Patience: 3/10
Epoch 50: No improvement in validation loss. Patience: 4/10
Epoch 51: No improvement in validation loss. Patience: 5/10
Epoch 52: No improvement in validation loss. Patience: 6/10
Epoch 53: New best model saved with loss 0.4012221652333454
Epoch 54: No improvement in validation loss. Patience: 1/10
Epoch 55: No improvement in validation loss. Patience: 2/10
Epoch 56: No improvement in validation loss. Patience: 3/10
Epoch 57: No improvement in validation loss. Patience: 4/10
Epoch 58: No improvement in validation loss. Patience: 5/10
Epoch 59: No improvement in validation loss. Patience: 6/10
Epoch 60: No improvement in validation loss. Patience: 7/10
Epoch 61: No improvement in validation loss. Patience: 8/10
Epoch 62: New best model saved with loss 0.3939965183055529
Epoch 63: No improvement in validation loss. Patience: 1/10
Epoch 64: No improvement in validation loss. Patience: 2/10
Epoch 65: No improvement in validation loss. Patience: 3/10
Epoch 66: New best model saved with loss 0.3936667807640568
Epoch 67: New best model saved with loss 0.3914312265252554
Epoch 68: No improvement in validation loss. Patience: 1/10
Epoch 69: No improvement in validation loss. Patience: 2/10
Epoch 70: No improvement in validation loss. Patience: 3/10
Epoch 71: No improvement in validation loss. Patience: 4/10
Epoch 72: No improvement in validation loss. Patience: 5/10
Epoch 73: No improvement in validation loss. Patience: 6/10
Epoch 74: No improvement in validation loss. Patience: 7/10
Epoch 75: No improvement in validation loss. Patience: 8/10
Epoch 76: No improvement in validation loss. Patience: 9/10
Epoch 77: No improvement in validation loss. Patience: 10/10
Early stopping triggered.
Run 10: Test Accuracy: 0.9344151453684922, Test Precision: 0.9301062852505358, Test Recall: 0.9344151453684922, Test F1: 0.9278735127445956

Results have been saved to lustre/rsc_mgt_wi-st-sccs-lj7uaansp4q/users/yassin.terraf/multimodal_speaker_recognition/Results/Noise_Tolerant/Grid/clean/results.txt
